
> @workspace/heureka@0.0.0 dev /Users/evideletang/Desktop/HEUREKA/Web-SaaS-Builder/artifacts/heureka
> vite --config vite.config.ts --host 0.0.0.0 -- --port 5173 --strictPort

Port 5173 is in use, trying another one...

  VITE v7.3.1  ready in 246 ms

  ➜  Local:   http://localhost:5174/
  ➜  Network: http://192.168.1.249:5174/

> @workspace/heureka@0.0.0 dev /Users/evideletang/Desktop/HEUREKA/Web-SaaS-Bui ELIFECYCLE  Command failed.
onfig vite.config.ts --host 0.0.0.0 -- --port 5173 --strictPort


  VITE v7.3.1  ready in 305 ms

  ➜  Local:   http://localhost:5173/
  ➜  Network: http://192.168.1.249:5173/
5:48:01 PM [vite] (client) hmr update /src/pages/admin.tsx, /src/index.css
5:57:28 PM [vite] (client) hmr update /src/pages/dashboard.tsx, /src/pages/citoyen.tsx, /src/pages/new-analysis.tsx, /src/pages/citoyen-new-dossier.tsx, /src/pages/mairie.tsx, /src/pages/admin.tsx, /src/pages/analysis-detail.tsx, /src/components/ui/status-badge.tsx, /src/pages/register.tsx, /src/pages/login.tsx, /src/pages/portail-abf.tsx, /src/pages/account.tsx, /src/pages/portail-metropole.tsx, /src/pages/citoyen-dossier-detail.tsx, /src/pages/portail-mairie.tsx, /src/components/layout/ProtectedLayout.tsx, /src/components/layout/Navbar.tsx, /src/components/dossier/DossierDeposit.tsx, /src/components/ui/confidence-badge.tsx
5:57:28 PM [vite] (client) hmr update /src/pages/dashboard.tsx, /src/pages/citoyen.tsx, /src/pages/new-analysis.tsx, /src/pages/citoyen-new-dossier.tsx, /src/pages/mairie.tsx, /src/pages/admin.tsx, /src/pages/analysis-detail.tsx, /src/components/ui/status-badge.tsx, /src/pages/register.tsx, /src/pages/login.tsx, /src/pages/portail-abf.tsx, /src/pages/account.tsx, /src/pages/portail-metropole.tsx, /src/pages/citoyen-dossier-detail.tsx, /src/pages/portail-mairie.tsx, /src/components/layout/ProtectedLayout.tsx, /src/components/layout/Navbar.tsx, /src/components/dossier/DossierDeposit.tsx, /src/components/ui/confidence-badge.tsx
5:57:28 PM [vite] (client) hmr update /src/pages/dashboard.tsx, /src/pages/citoyen.tsx, /src/pages/new-analysis.tsx, /src/pages/citoyen-new-dossier.tsx, /src/pages/mairie.tsx, /src/pages/admin.tsx, /src/pages/analysis-detail.tsx, /src/components/ui/status-badge.tsx, /src/pages/register.tsx, /src/pages/login.tsx, /src/pages/portail-abf.tsx, /src/pages/account.tsx, /src/pages/portail-metropole.tsx, /src/pages/citoyen-dossier-detail.tsx, /src/pages/portail-mairie.tsx, /src/components/layout/ProtectedLayout.tsx, /src/components/layout/Navbar.tsx, /src/components/dossier/DossierDeposit.tsx, /src/components/ui/confidence-badge.tsx
5:57:28 PM [vite] (client) hmr update /src/pages/dashboard.tsx, /src/pages/citoyen.tsx, /src/pages/new-analysis.tsx, /src/pages/citoyen-new-dossier.tsx, /src/pages/mairie.tsx, /src/pages/admin.tsx, /src/pages/analysis-detail.tsx, /src/components/ui/status-badge.tsx, /src/pages/register.tsx, /src/pages/login.tsx, /src/pages/portail-abf.tsx, /src/pages/account.tsx, /src/pages/portail-metropole.tsx, /src/pages/citoyen-dossier-detail.tsx, /src/pages/portail-mairie.tsx, /src/components/layout/ProtectedLayout.tsx, /src/components/layout/Navbar.tsx, /src/components/dossier/DossierDeposit.tsx, /src/components/ui/confidence-badge.tsx
5:57:28 PM [vite] (client) hmr update /src/pages/dashboard.tsx, /src/pages/citoyen.tsx, /src/pages/new-analysis.tsx, /src/pages/citoyen-new-dossier.tsx, /src/pages/mairie.tsx, /src/pages/admin.tsx, /src/pages/analysis-detail.tsx, /src/components/ui/status-badge.tsx, /src/pages/register.tsx, /src/pages/login.tsx, /src/pages/portail-abf.tsx, /src/pages/account.tsx, /src/pages/portail-metropole.tsx, /src/pages/citoyen-dossier-detail.tsx, /src/pages/portail-mairie.tsx, /src/components/layout/ProtectedLayout.tsx, /src/components/layout/Navbar.tsx, /src/components/dossier/DossierDeposit.tsx, /src/components/ui/confidence-badge.tsx
5:57:28 PM [vite] (client) hmr update /src/pages/dashboard.tsx, /src/pages/citoyen.tsx, /src/pages/new-analysis.tsx, /src/pages/citoyen-new-dossier.tsx, /src/pages/mairie.tsx, /src/pages/admin.tsx, /src/pages/analysis-detail.tsx, /src/components/ui/status-badge.tsx, /src/pages/register.tsx, /src/pages/login.tsx, /src/pages/portail-abf.tsx, /src/pages/account.tsx, /src/pages/portail-metropole.tsx, /src/pages/citoyen-dossier-detail.tsx, /src/pages/portail-mairie.tsx, /src/components/layout/ProtectedLayout.tsx, /src/components/layout/Navbar.tsx, /src/components/dossier/DossierDeposit.tsx, /src/components/ui/confidence-badge.tsx
5:57:28 PM [vite] (client) hmr update /src/pages/dashboard.tsx, /src/pages/citoyen.tsx, /src/pages/new-analysis.tsx, /src/pages/citoyen-new-dossier.tsx, /src/pages/mairie.tsx, /src/pages/admin.tsx, /src/pages/analysis-detail.tsx, /src/components/ui/status-badge.tsx, /src/pages/register.tsx, /src/pages/login.tsx, /src/pages/portail-abf.tsx, /src/pages/account.tsx, /src/pages/portail-metropole.tsx, /src/pages/citoyen-dossier-detail.tsx, /src/pages/portail-mairie.tsx, /src/components/layout/ProtectedLayout.tsx, /src/components/layout/Navbar.tsx, /src/components/dossier/DossierDeposit.tsx, /src/components/ui/confidence-badge.tsx
5:57:28 PM [vite] (client) hmr update /src/pages/dashboard.tsx, /src/pages/citoyen.tsx, /src/pages/new-analysis.tsx, /src/pages/citoyen-new-dossier.tsx, /src/pages/mairie.tsx, /src/pages/admin.tsx, /src/pages/analysis-detail.tsx, /src/components/ui/status-badge.tsx, /src/pages/register.tsx, /src/pages/login.tsx, /src/pages/portail-abf.tsx, /src/pages/account.tsx, /src/pages/portail-metropole.tsx, /src/pages/citoyen-dossier-detail.tsx, /src/pages/portail-mairie.tsx, /src/components/layout/ProtectedLayout.tsx, /src/components/layout/Navbar.tsx, /src/components/dossier/DossierDeposit.tsx, /src/components/ui/confidence-badge.tsx
5:57:28 PM [vite] (client) hmr update /src/pages/dashboard.tsx, /src/pages/citoyen.tsx, /src/pages/new-analysis.tsx, /src/pages/citoyen-new-dossier.tsx, /src/pages/mairie.tsx, /src/pages/admin.tsx, /src/pages/analysis-detail.tsx, /src/components/ui/status-badge.tsx, /src/pages/register.tsx, /src/pages/login.tsx, /src/pages/portail-abf.tsx, /src/pages/account.tsx, /src/pages/portail-metropole.tsx, /src/pages/citoyen-dossier-detail.tsx, /src/pages/portail-mairie.tsx, /src/components/layout/ProtectedLayout.tsx, /src/components/layout/Navbar.tsx, /src/components/dossier/DossierDeposit.tsx, /src/components/ui/confidence-badge.tsx
5:57:42 PM [vite] (client) hmr update /src/pages/dashboard.tsx, /src/pages/citoyen.tsx, /src/pages/new-analysis.tsx, /src/pages/citoyen-new-dossier.tsx, /src/pages/mairie.tsx, /src/pages/admin.tsx, /src/pages/analysis-detail.tsx, /src/components/ui/status-badge.tsx, /src/pages/register.tsx, /src/pages/login.tsx, /src/pages/portail-abf.tsx, /src/pages/account.tsx, /src/pages/portail-metropole.tsx, /src/pages/citoyen-dossier-detail.tsx, /src/pages/portail-mairie.tsx, /src/components/layout/ProtectedLayout.tsx, /src/components/layout/Navbar.tsx, /src/components/dossier/DossierDeposit.tsx, /src/components/ui/confidence-badge.tsx
5:57:42 PM [vite] (client) hmr update /src/pages/dashboard.tsx, /src/pages/citoyen.tsx, /src/pages/new-analysis.tsx, /src/pages/citoyen-new-dossier.tsx, /src/pages/mairie.tsx, /src/pages/admin.tsx, /src/pages/analysis-detail.tsx, /src/components/ui/status-badge.tsx, /src/pages/register.tsx, /src/pages/login.tsx, /src/pages/portail-abf.tsx, /src/pages/account.tsx, /src/pages/portail-metropole.tsx, /src/pages/citoyen-dossier-detail.tsx, /src/pages/portail-mairie.tsx, /src/components/layout/ProtectedLayout.tsx, /src/components/layout/Navbar.tsx, /src/components/dossier/DossierDeposit.tsx, /src/components/ui/confidence-badge.tsx
5:57:58 PM [vite] (client) hmr update /src/pages/admin.tsx, /src/index.css
5:58:17 PM [vite] (client) hmr update /src/pages/admin.tsx, /src/index.css
6:49:52 PM [vite] (client) hmr update /src/pages/portail-abf.tsx, /src/index.css
6:49:59 PM [vite] (client) hmr update /src/pages/portail-metropole.tsx, /src/index.css
6:51:02 PM [vite] (client) hmr update /src/pages/portail-abf.tsx, /src/index.css
6:51:09 PM [vite] (client) hmr update /src/pages/portail-metropole.tsx, /src/index.css
6:54:33 PM [vite] (client) hmr update /src/pages/dashboard.tsx, /src/pages/citoyen.tsx, /src/pages/new-analysis.tsx, /src/pages/citoyen-new-dossier.tsx, /src/pages/mairie.tsx, /src/pages/admin.tsx, /src/pages/analysis-detail.tsx, /src/components/ui/status-badge.tsx, /src/pages/register.tsx, /src/pages/login.tsx, /src/pages/portail-abf.tsx, /src/pages/account.tsx, /src/pages/portail-metropole.tsx, /src/pages/citoyen-dossier-detail.tsx, /src/pages/portail-mairie.tsx, /src/components/layout/ProtectedLayout.tsx, /src/components/layout/Navbar.tsx, /src/components/dossier/DossierDeposit.tsx, /src/components/ui/confidence-badge.tsx
6:54:33 PM [vite] (client) hmr update /src/pages/dashboard.tsx, /src/pages/citoyen.tsx, /src/pages/new-analysis.tsx, /src/pages/citoyen-new-dossier.tsx, /src/pages/mairie.tsx, /src/pages/admin.tsx, /src/pages/analysis-detail.tsx, /src/components/ui/status-badge.tsx, /src/pages/register.tsx, /src/pages/login.tsx, /src/pages/portail-abf.tsx, /src/pages/account.tsx, /src/pages/portail-metropole.tsx, /src/pages/citoyen-dossier-detail.tsx, /src/pages/portail-mairie.tsx, /src/components/layout/ProtectedLayout.tsx, /src/components/layout/Navbar.tsx, /src/components/dossier/DossierDeposit.tsx, /src/components/ui/confidence-badge.tsx
6:54:33 PM [vite] (client) Pre-transform error: Failed to load url /@fs/Users/evideletang/Desktop/HEUREKA/Web-SaaS-Builder/lib/api-client-react/src/generated/api.ts (resolved id: /Users/evideletang/Desktop/HEUREKA/Web-SaaS-Builder/lib/api-client-react/src/generated/api.ts) in /Users/evideletang/Desktop/HEUREKA/Web-SaaS-Builder/lib/api-client-react/src/index.ts. Does the file exist?
6:54:33 PM [vite] (client) Pre-transform error: Failed to load url /@fs/Users/evideletang/Desktop/HEUREKA/Web-SaaS-Builder/lib/api-client-react/src/generated/api.schemas.ts (resolved id: /Users/evideletang/Desktop/HEUREKA/Web-SaaS-Builder/lib/api-client-react/src/generated/api.schemas.ts) in /Users/evideletang/Desktop/HEUREKA/Web-SaaS-Builder/lib/api-client-react/src/index.ts. Does the file exist?
6:54:33 PM [vite] (client) hmr update /src/pages/dashboard.tsx, /src/pages/citoyen.tsx, /src/pages/new-analysis.tsx, /src/pages/citoyen-new-dossier.tsx, /src/pages/mairie.tsx, /src/pages/admin.tsx, /src/pages/analysis-detail.tsx, /src/components/ui/status-badge.tsx, /src/pages/register.tsx, /src/pages/login.tsx, /src/pages/portail-abf.tsx, /src/pages/account.tsx, /src/pages/portail-metropole.tsx, /src/pages/citoyen-dossier-detail.tsx, /src/pages/portail-mairie.tsx, /src/components/layout/ProtectedLayout.tsx, /src/components/layout/Navbar.tsx, /src/components/dossier/DossierDeposit.tsx, /src/components/ui/confidence-badge.tsx
6:54:33 PM [vite] (client) hmr update /src/pages/dashboard.tsx, /src/pages/citoyen.tsx, /src/pages/new-analysis.tsx, /src/pages/citoyen-new-dossier.tsx, /src/pages/mairie.tsx, /src/pages/admin.tsx, /src/pages/analysis-detail.tsx, /src/components/ui/status-badge.tsx, /src/pages/register.tsx, /src/pages/login.tsx, /src/pages/portail-abf.tsx, /src/pages/account.tsx, /src/pages/portail-metropole.tsx, /src/pages/citoyen-dossier-detail.tsx, /src/pages/portail-mairie.tsx, /src/components/layout/ProtectedLayout.tsx, /src/components/layout/Navbar.tsx, /src/components/dossier/DossierDeposit.tsx, /src/components/ui/confidence-badge.tsx
6:54:33 PM [vite] (client) hmr update /src/pages/dashboard.tsx, /src/pages/citoyen.tsx, /src/pages/new-analysis.tsx, /src/pages/citoyen-new-dossier.tsx, /src/pages/mairie.tsx, /src/pages/admin.tsx, /src/pages/analysis-detail.tsx, /src/components/ui/status-badge.tsx, /src/pages/register.tsx, /src/pages/login.tsx, /src/pages/portail-abf.tsx, /src/pages/account.tsx, /src/pages/portail-metropole.tsx, /src/pages/citoyen-dossier-detail.tsx, /src/pages/portail-mairie.tsx, /src/components/layout/ProtectedLayout.tsx, /src/components/layout/Navbar.tsx, /src/components/dossier/DossierDeposit.tsx, /src/components/ui/confidence-badge.tsx
6:54:33 PM [vite] (client) hmr update /src/pages/dashboard.tsx, /src/pages/citoyen.tsx, /src/pages/new-analysis.tsx, /src/pages/citoyen-new-dossier.tsx, /src/pages/mairie.tsx, /src/pages/admin.tsx, /src/pages/analysis-detail.tsx, /src/components/ui/status-badge.tsx, /src/pages/register.tsx, /src/pages/login.tsx, /src/pages/portail-abf.tsx, /src/pages/account.tsx, /src/pages/portail-metropole.tsx, /src/pages/citoyen-dossier-detail.tsx, /src/pages/portail-mairie.tsx, /src/components/layout/ProtectedLayout.tsx, /src/components/layout/Navbar.tsx, /src/components/dossier/DossierDeposit.tsx, /src/components/ui/confidence-badge.tsx
6:54:33 PM [vite] (client) hmr update /src/pages/dashboard.tsx, /src/pages/citoyen.tsx, /src/pages/new-analysis.tsx, /src/pages/citoyen-new-dossier.tsx, /src/pages/mairie.tsx, /src/pages/admin.tsx, /src/pages/analysis-detail.tsx, /src/components/ui/status-badge.tsx, /src/pages/register.tsx, /src/pages/login.tsx, /src/pages/portail-abf.tsx, /src/pages/account.tsx, /src/pages/portail-metropole.tsx, /src/pages/citoyen-dossier-detail.tsx, /src/pages/portail-mairie.tsx, /src/components/layout/ProtectedLayout.tsx, /src/components/layout/Navbar.tsx, /src/components/dossier/DossierDeposit.tsx, /src/components/ui/confidence-badge.tsx
6:54:33 PM [vite] (client) hmr update /src/pages/dashboard.tsx, /src/pages/citoyen.tsx, /src/pages/new-analysis.tsx, /src/pages/citoyen-new-dossier.tsx, /src/pages/mairie.tsx, /src/pages/admin.tsx, /src/pages/analysis-detail.tsx, /src/components/ui/status-badge.tsx, /src/pages/register.tsx, /src/pages/login.tsx, /src/pages/portail-abf.tsx, /src/pages/account.tsx, /src/pages/portail-metropole.tsx, /src/pages/citoyen-dossier-detail.tsx, /src/pages/portail-mairie.tsx, /src/components/layout/ProtectedLayout.tsx, /src/components/layout/Navbar.tsx, /src/components/dossier/DossierDeposit.tsx, /src/components/ui/confidence-badge.tsx
6:54:33 PM [vite] (client) hmr update /src/pages/dashboard.tsx, /src/pages/citoyen.tsx, /src/pages/new-analysis.tsx, /src/pages/citoyen-new-dossier.tsx, /src/pages/mairie.tsx, /src/pages/admin.tsx, /src/pages/analysis-detail.tsx, /src/components/ui/status-badge.tsx, /src/pages/register.tsx, /src/pages/login.tsx, /src/pages/portail-abf.tsx, /src/pages/account.tsx, /src/pages/portail-metropole.tsx, /src/pages/citoyen-dossier-detail.tsx, /src/pages/portail-mairie.tsx, /src/components/layout/ProtectedLayout.tsx, /src/components/layout/Navbar.tsx, /src/components/dossier/DossierDeposit.tsx, /src/components/ui/confidence-badge.tsx
6:54:33 PM [vite] (client) hmr update /src/pages/dashboard.tsx, /src/pages/citoyen.tsx, /src/pages/new-analysis.tsx, /src/pages/citoyen-new-dossier.tsx, /src/pages/mairie.tsx, /src/pages/admin.tsx, /src/pages/analysis-detail.tsx, /src/components/ui/status-badge.tsx, /src/pages/register.tsx, /src/pages/login.tsx, /src/pages/portail-abf.tsx, /src/pages/account.tsx, /src/pages/portail-metropole.tsx, /src/pages/citoyen-dossier-detail.tsx, /src/pages/portail-mairie.tsx, /src/components/layout/ProtectedLayout.tsx, /src/components/layout/Navbar.tsx, /src/components/dossier/DossierDeposit.tsx, /src/components/ui/confidence-badge.tsx
6:54:46 PM [vite] (client) hmr update /src/pages/admin.tsx, /src/index.css
6:55:17 PM [vite] (client) hmr update /src/pages/admin.tsx, /src/index.css
6:55:17 PM [vite] Internal server error: Duplicate declaration "useDebounce"
  1074 | }
  1075 |
> 1076 | function useDebounce<T>(value: T, delay: number): T {
       |          ^^^^^^^^^^^
  1077 |   const [debouncedValue, setDebouncedValue] = useState(value);
  1078 |   useEffect(() => {
  1079 |     const handler = setTimeout(() => setDebouncedValue(value), delay);
  Plugin: vite:react-babel
  File: /Users/evideletang/Desktop/HEUREKA/Web-SaaS-Builder/artifacts/heureka/src/pages/admin.tsx
      at File.buildCodeFrameError (/Users/evideletang/Desktop/HEUREKA/Web-SaaS-Builder/node_modules/.pnpm/@babel+core@7.29.0/node_modules/@babel/core/lib/transformation/file/file.js:189:12)
      at Scope.checkBlockScopedCollisions (/Users/evideletang/Desktop/HEUREKA/Web-SaaS-Builder/node_modules/.pnpm/@babel+traverse@7.29.0/node_modules/@babel/traverse/lib/scope/index.js:433:27)
      at Scope.registerBinding (/Users/evideletang/Desktop/HEUREKA/Web-SaaS-Builder/node_modules/.pnpm/@babel+traverse@7.29.0/node_modules/@babel/traverse/lib/scope/index.js:530:16)
      at Scope.registerDeclaration (/Users/evideletang/Desktop/HEUREKA/Web-SaaS-Builder/node_modules/.pnpm/@babel+traverse@7.29.0/node_modules/@babel/traverse/lib/scope/index.js:475:12)
      at Object.BlockScoped (/Users/evideletang/Desktop/HEUREKA/Web-SaaS-Builder/node_modules/.pnpm/@babel+traverse@7.29.0/node_modules/@babel/traverse/lib/scope/index.js:276:12)
      at Object.newFn (/Users/evideletang/Desktop/HEUREKA/Web-SaaS-Builder/node_modules/.pnpm/@babel+traverse@7.29.0/node_modules/@babel/traverse/lib/visitors.js:203:17)
      at NodePath._call (/Users/evideletang/Desktop/HEUREKA/Web-SaaS-Builder/node_modules/.pnpm/@babel+traverse@7.29.0/node_modules/@babel/traverse/lib/path/context.js:50:20)
      at NodePath.call (/Users/evideletang/Desktop/HEUREKA/Web-SaaS-Builder/node_modules/.pnpm/@babel+traverse@7.29.0/node_modules/@babel/traverse/lib/path/context.js:40:18)
      at NodePath.visit (/Users/evideletang/Desktop/HEUREKA/Web-SaaS-Builder/node_modules/.pnpm/@babel+traverse@7.29.0/node_modules/@babel/traverse/lib/path/context.js:87:31)
      at TraversalContext.visitQueue (/Users/evideletang/Desktop/HEUREKA/Web-SaaS-Builder/node_modules/.pnpm/@babel+traverse@7.29.0/node_modules/@babel/traverse/lib/context.js:96:16)
      at TraversalContext.visitMultiple (/Users/evideletang/Desktop/HEUREKA/Web-SaaS-Builder/node_modules/.pnpm/@babel+traverse@7.29.0/node_modules/@babel/traverse/lib/context.js:68:17)
      at TraversalContext.visit (/Users/evideletang/Desktop/HEUREKA/Web-SaaS-Builder/node_modules/.pnpm/@babel+traverse@7.29.0/node_modules/@babel/traverse/lib/context.js:117:19)
      at traverseNode (/Users/evideletang/Desktop/HEUREKA/Web-SaaS-Builder/node_modules/.pnpm/@babel+traverse@7.29.0/node_modules/@babel/traverse/lib/traverse-node.js:130:17)
      at traverse (/Users/evideletang/Desktop/HEUREKA/Web-SaaS-Builder/node_modules/.pnpm/@babel+traverse@7.29.0/node_modules/@babel/traverse/lib/index.js:53:34)
      at NodePath.traverse (/Users/evideletang/Desktop/HEUREKA/Web-SaaS-Builder/node_modules/.pnpm/@babel+traverse@7.29.0/node_modules/@babel/traverse/lib/path/index.js:120:24)
      at Scope.crawl (/Users/evideletang/Desktop/HEUREKA/Web-SaaS-Builder/node_modules/.pnpm/@babel+traverse@7.29.0/node_modules/@babel/traverse/lib/scope/index.js:695:10)
      at Scope.init (/Users/evideletang/Desktop/HEUREKA/Web-SaaS-Builder/node_modules/.pnpm/@babel+traverse@7.29.0/node_modules/@babel/traverse/lib/scope/index.js:661:12)
      at NodePath.setScope (/Users/evideletang/Desktop/HEUREKA/Web-SaaS-Builder/node_modules/.pnpm/@babel+traverse@7.29.0/node_modules/@babel/traverse/lib/path/context.js:139:55)
      at NodePath.setContext (/Users/evideletang/Desktop/HEUREKA/Web-SaaS-Builder/node_modules/.pnpm/@babel+traverse@7.29.0/node_modules/@babel/traverse/lib/path/context.js:151:12)
      at new File (/Users/evideletang/Desktop/HEUREKA/Web-SaaS-Builder/node_modules/.pnpm/@babel+core@7.29.0/node_modules/@babel/core/lib/transformation/file/file.js:80:8)
      at normalizeFile (/Users/evideletang/Desktop/HEUREKA/Web-SaaS-Builder/node_modules/.pnpm/@babel+core@7.29.0/node_modules/@babel/core/lib/transformation/normalize-file.js:96:10)
      at normalizeFile.next (<anonymous>)
      at run (/Users/evideletang/Desktop/HEUREKA/Web-SaaS-Builder/node_modules/.pnpm/@babel+core@7.29.0/node_modules/@babel/core/lib/transformation/index.js:22:50)
      at run.next (<anonymous>)
      at transform (/Users/evideletang/Desktop/HEUREKA/Web-SaaS-Builder/node_modules/.pnpm/@babel+core@7.29.0/node_modules/@babel/core/lib/transform.js:22:33)
      at transform.next (<anonymous>)
      at step (/Users/evideletang/Desktop/HEUREKA/Web-SaaS-Builder/node_modules/.pnpm/gensync@1.0.0-beta.2/node_modules/gensync/index.js:261:32)
      at /Users/evideletang/Desktop/HEUREKA/Web-SaaS-Builder/node_modules/.pnpm/gensync@1.0.0-beta.2/node_modules/gensync/index.js:273:13
      at async.call.result.err.err (/Users/evideletang/Desktop/HEUREKA/Web-SaaS-Builder/node_modules/.pnpm/gensync@1.0.0-beta.2/node_modules/gensync/index.js:223:11)
      at /Users/evideletang/Desktop/HEUREKA/Web-SaaS-Builder/node_modules/.pnpm/gensync@1.0.0-beta.2/node_modules/gensync/index.js:189:28
      at /Users/evideletang/Desktop/HEUREKA/Web-SaaS-Builder/node_modules/.pnpm/@babel+core@7.29.0/node_modules/@babel/core/lib/gensync-utils/async.js:67:7
      at /Users/evideletang/Desktop/HEUREKA/Web-SaaS-Builder/node_modules/.pnpm/gensync@1.0.0-beta.2/node_modules/gensync/index.js:113:33
      at step (/Users/evideletang/Desktop/HEUREKA/Web-SaaS-Builder/node_modules/.pnpm/gensync@1.0.0-beta.2/node_modules/gensync/index.js:287:14)
      at /Users/evideletang/Desktop/HEUREKA/Web-SaaS-Builder/node_modules/.pnpm/gensync@1.0.0-beta.2/node_modules/gensync/index.js:273:13
      at async.call.result.err.err (/Users/evideletang/Desktop/HEUREKA/Web-SaaS-Builder/node_modules/.pnpm/gensync@1.0.0-beta.2/node_modules/gensync/index.js:223:11)
7:37:42 PM [vite] (client) Pre-transform error: Duplicate declaration "useDebounce"
  1074 | }
  1075 |
> 1076 | function useDebounce<T>(value: T, delay: number): T {
       |          ^^^^^^^^^^^
  1077 |   const [debouncedValue, setDebouncedValue] = useState(value);
  1078 |   useEffect(() => {
  1079 |     const handler = setTimeout(() => setDebouncedValue(value), delay);
  Plugin: vite:react-babel
  File: /Users/evideletang/Desktop/HEUREKA/Web-SaaS-Builder/artifacts/heureka/src/pages/admin.tsx
7:37:42 PM [vite] Internal server error: Duplicate declaration "useDebounce"
  1074 | }
  1075 |
> 1076 | function useDebounce<T>(value: T, delay: number): T {
       |          ^^^^^^^^^^^
  1077 |   const [debouncedValue, setDebouncedValue] = useState(value);
  1078 |   useEffect(() => {
  1079 |     const handler = setTimeout(() => setDebouncedValue(value), delay);
  Plugin: vite:react-babel
  File: /Users/evideletang/Desktop/HEUREKA/Web-SaaS-Builder/artifacts/heureka/src/pages/admin.tsx
      at File.buildCodeFrameError (/Users/evideletang/Desktop/HEUREKA/Web-SaaS-Builder/node_modules/.pnpm/@babel+core@7.29.0/node_modules/@babel/core/lib/transformation/file/file.js:189:12)
      at Scope.checkBlockScopedCollisions (/Users/evideletang/Desktop/HEUREKA/Web-SaaS-Builder/node_modules/.pnpm/@babel+traverse@7.29.0/node_modules/@babel/traverse/lib/scope/index.js:433:27)
      at Scope.registerBinding (/Users/evideletang/Desktop/HEUREKA/Web-SaaS-Builder/node_modules/.pnpm/@babel+traverse@7.29.0/node_modules/@babel/traverse/lib/scope/index.js:530:16)
      at Scope.registerDeclaration (/Users/evideletang/Desktop/HEUREKA/Web-SaaS-Builder/node_modules/.pnpm/@babel+traverse@7.29.0/node_modules/@babel/traverse/lib/scope/index.js:475:12)
      at Object.BlockScoped (/Users/evideletang/Desktop/HEUREKA/Web-SaaS-Builder/node_modules/.pnpm/@babel+traverse@7.29.0/node_modules/@babel/traverse/lib/scope/index.js:276:12)
      at Object.newFn (/Users/evideletang/Desktop/HEUREKA/Web-SaaS-Builder/node_modules/.pnpm/@babel+traverse@7.29.0/node_modules/@babel/traverse/lib/visitors.js:203:17)
      at NodePath._call (/Users/evideletang/Desktop/HEUREKA/Web-SaaS-Builder/node_modules/.pnpm/@babel+traverse@7.29.0/node_modules/@babel/traverse/lib/path/context.js:50:20)
      at NodePath.call (/Users/evideletang/Desktop/HEUREKA/Web-SaaS-Builder/node_modules/.pnpm/@babel+traverse@7.29.0/node_modules/@babel/traverse/lib/path/context.js:40:18)
      at NodePath.visit (/Users/evideletang/Desktop/HEUREKA/Web-SaaS-Builder/node_modules/.pnpm/@babel+traverse@7.29.0/node_modules/@babel/traverse/lib/path/context.js:87:31)
      at TraversalContext.visitQueue (/Users/evideletang/Desktop/HEUREKA/Web-SaaS-Builder/node_modules/.pnpm/@babel+traverse@7.29.0/node_modules/@babel/traverse/lib/context.js:96:16)
      at TraversalContext.visitMultiple (/Users/evideletang/Desktop/HEUREKA/Web-SaaS-Builder/node_modules/.pnpm/@babel+traverse@7.29.0/node_modules/@babel/traverse/lib/context.js:68:17)
      at TraversalContext.visit (/Users/evideletang/Desktop/HEUREKA/Web-SaaS-Builder/node_modules/.pnpm/@babel+traverse@7.29.0/node_modules/@babel/traverse/lib/context.js:117:19)
      at traverseNode (/Users/evideletang/Desktop/HEUREKA/Web-SaaS-Builder/node_modules/.pnpm/@babel+traverse@7.29.0/node_modules/@babel/traverse/lib/traverse-node.js:130:17)
      at traverse (/Users/evideletang/Desktop/HEUREKA/Web-SaaS-Builder/node_modules/.pnpm/@babel+traverse@7.29.0/node_modules/@babel/traverse/lib/index.js:53:34)
      at NodePath.traverse (/Users/evideletang/Desktop/HEUREKA/Web-SaaS-Builder/node_modules/.pnpm/@babel+traverse@7.29.0/node_modules/@babel/traverse/lib/path/index.js:120:24)
      at Scope.crawl (/Users/evideletang/Desktop/HEUREKA/Web-SaaS-Builder/node_modules/.pnpm/@babel+traverse@7.29.0/node_modules/@babel/traverse/lib/scope/index.js:695:10)
      at Scope.init (/Users/evideletang/Desktop/HEUREKA/Web-SaaS-Builder/node_modules/.pnpm/@babel+traverse@7.29.0/node_modules/@babel/traverse/lib/scope/index.js:661:12)
      at NodePath.setScope (/Users/evideletang/Desktop/HEUREKA/Web-SaaS-Builder/node_modules/.pnpm/@babel+traverse@7.29.0/node_modules/@babel/traverse/lib/path/context.js:139:55)
      at NodePath.setContext (/Users/evideletang/Desktop/HEUREKA/Web-SaaS-Builder/node_modules/.pnpm/@babel+traverse@7.29.0/node_modules/@babel/traverse/lib/path/context.js:151:12)
      at new File (/Users/evideletang/Desktop/HEUREKA/Web-SaaS-Builder/node_modules/.pnpm/@babel+core@7.29.0/node_modules/@babel/core/lib/transformation/file/file.js:80:8)
      at normalizeFile (/Users/evideletang/Desktop/HEUREKA/Web-SaaS-Builder/node_modules/.pnpm/@babel+core@7.29.0/node_modules/@babel/core/lib/transformation/normalize-file.js:96:10)
      at normalizeFile.next (<anonymous>)
      at run (/Users/evideletang/Desktop/HEUREKA/Web-SaaS-Builder/node_modules/.pnpm/@babel+core@7.29.0/node_modules/@babel/core/lib/transformation/index.js:22:50)
      at run.next (<anonymous>)
      at transform (/Users/evideletang/Desktop/HEUREKA/Web-SaaS-Builder/node_modules/.pnpm/@babel+core@7.29.0/node_modules/@babel/core/lib/transform.js:22:33)
      at transform.next (<anonymous>)
      at step (/Users/evideletang/Desktop/HEUREKA/Web-SaaS-Builder/node_modules/.pnpm/gensync@1.0.0-beta.2/node_modules/gensync/index.js:261:32)
      at /Users/evideletang/Desktop/HEUREKA/Web-SaaS-Builder/node_modules/.pnpm/gensync@1.0.0-beta.2/node_modules/gensync/index.js:273:13
      at async.call.result.err.err (/Users/evideletang/Desktop/HEUREKA/Web-SaaS-Builder/node_modules/.pnpm/gensync@1.0.0-beta.2/node_modules/gensync/index.js:223:11)
      at /Users/evideletang/Desktop/HEUREKA/Web-SaaS-Builder/node_modules/.pnpm/gensync@1.0.0-beta.2/node_modules/gensync/index.js:189:28
      at /Users/evideletang/Desktop/HEUREKA/Web-SaaS-Builder/node_modules/.pnpm/@babel+core@7.29.0/node_modules/@babel/core/lib/gensync-utils/async.js:67:7
      at /Users/evideletang/Desktop/HEUREKA/Web-SaaS-Builder/node_modules/.pnpm/gensync@1.0.0-beta.2/node_modules/gensync/index.js:113:33
      at step (/Users/evideletang/Desktop/HEUREKA/Web-SaaS-Builder/node_modules/.pnpm/gensync@1.0.0-beta.2/node_modules/gensync/index.js:287:14)
      at /Users/evideletang/Desktop/HEUREKA/Web-SaaS-Builder/node_modules/.pnpm/gensync@1.0.0-beta.2/node_modules/gensync/index.js:273:13
      at async.call.result.err.err (/Users/evideletang/Desktop/HEUREKA/Web-SaaS-Builder/node_modules/.pnpm/gensync@1.0.0-beta.2/node_modules/gensync/index.js:223:11)
7:38:11 PM [vite] (client) hmr update /src/pages/admin.tsx, /src/index.css
7:46:26 PM [vite] (client) hmr update /src/pages/dashboard.tsx, /src/pages/citoyen.tsx, /src/pages/new-analysis.tsx, /src/pages/citoyen-new-dossier.tsx, /src/pages/mairie.tsx, /src/pages/admin.tsx, /src/pages/analysis-detail.tsx, /src/components/ui/status-badge.tsx, /src/pages/register.tsx, /src/pages/login.tsx, /src/pages/portail-abf.tsx, /src/pages/account.tsx, /src/pages/portail-metropole.tsx, /src/pages/citoyen-dossier-detail.tsx, /src/pages/portail-mairie.tsx, /src/components/layout/ProtectedLayout.tsx, /src/components/layout/Navbar.tsx, /src/components/dossier/DossierDeposit.tsx, /src/components/ui/confidence-badge.tsx
7:46:26 PM [vite] (client) hmr update /src/pages/dashboard.tsx, /src/pages/citoyen.tsx, /src/pages/new-analysis.tsx, /src/pages/citoyen-new-dossier.tsx, /src/pages/mairie.tsx, /src/pages/admin.tsx, /src/pages/analysis-detail.tsx, /src/components/ui/status-badge.tsx, /src/pages/register.tsx, /src/pages/login.tsx, /src/pages/portail-abf.tsx, /src/pages/account.tsx, /src/pages/portail-metropole.tsx, /src/pages/citoyen-dossier-detail.tsx, /src/pages/portail-mairie.tsx, /src/components/layout/ProtectedLayout.tsx, /src/components/layout/Navbar.tsx, /src/components/dossier/DossierDeposit.tsx, /src/components/ui/confidence-badge.tsx
7:46:26 PM [vite] (client) Pre-transform error: Failed to load url /@fs/Users/evideletang/Desktop/HEUREKA/Web-SaaS-Builder/lib/api-client-react/src/generated/api.ts (resolved id: /Users/evideletang/Desktop/HEUREKA/Web-SaaS-Builder/lib/api-client-react/src/generated/api.ts) in /Users/evideletang/Desktop/HEUREKA/Web-SaaS-Builder/lib/api-client-react/src/index.ts. Does the file exist?
7:46:26 PM [vite] (client) Pre-transform error: Failed to load url /@fs/Users/evideletang/Desktop/HEUREKA/Web-SaaS-Builder/lib/api-client-react/src/generated/api.schemas.ts (resolved id: /Users/evideletang/Desktop/HEUREKA/Web-SaaS-Builder/lib/api-client-react/src/generated/api.schemas.ts) in /Users/evideletang/Desktop/HEUREKA/Web-SaaS-Builder/lib/api-client-react/src/index.ts. Does the file exist?
7:47:22 PM [vite] (client) hmr update /src/pages/dashboard.tsx, /src/pages/citoyen.tsx, /src/pages/new-analysis.tsx, /src/pages/citoyen-new-dossier.tsx, /src/pages/mairie.tsx, /src/pages/admin.tsx, /src/pages/analysis-detail.tsx, /src/components/ui/status-badge.tsx, /src/pages/register.tsx, /src/pages/login.tsx, /src/pages/portail-abf.tsx, /src/pages/account.tsx, /src/pages/portail-metropole.tsx, /src/pages/citoyen-dossier-detail.tsx, /src/pages/portail-mairie.tsx, /src/components/layout/ProtectedLayout.tsx, /src/components/layout/Navbar.tsx, /src/components/dossier/DossierDeposit.tsx, /src/components/ui/confidence-badge.tsx
7:47:22 PM [vite] (client) hmr update /src/pages/dashboard.tsx, /src/pages/citoyen.tsx, /src/pages/new-analysis.tsx, /src/pages/citoyen-new-dossier.tsx, /src/pages/mairie.tsx, /src/pages/admin.tsx, /src/pages/analysis-detail.tsx, /src/components/ui/status-badge.tsx, /src/pages/register.tsx, /src/pages/login.tsx, /src/pages/portail-abf.tsx, /src/pages/account.tsx, /src/pages/portail-metropole.tsx, /src/pages/citoyen-dossier-detail.tsx, /src/pages/portail-mairie.tsx, /src/components/layout/ProtectedLayout.tsx, /src/components/layout/Navbar.tsx, /src/components/dossier/DossierDeposit.tsx, /src/components/ui/confidence-badge.tsx
7:47:22 PM [vite] (client) hmr update /src/pages/dashboard.tsx, /src/pages/citoyen.tsx, /src/pages/new-analysis.tsx, /src/pages/citoyen-new-dossier.tsx, /src/pages/mairie.tsx, /src/pages/admin.tsx, /src/pages/analysis-detail.tsx, /src/components/ui/status-badge.tsx, /src/pages/register.tsx, /src/pages/login.tsx, /src/pages/portail-abf.tsx, /src/pages/account.tsx, /src/pages/portail-metropole.tsx, /src/pages/citoyen-dossier-detail.tsx, /src/pages/portail-mairie.tsx, /src/components/layout/ProtectedLayout.tsx, /src/components/layout/Navbar.tsx, /src/components/dossier/DossierDeposit.tsx, /src/components/ui/confidence-badge.tsx
7:47:22 PM [vite] (client) hmr update /src/pages/dashboard.tsx, /src/pages/citoyen.tsx, /src/pages/new-analysis.tsx, /src/pages/citoyen-new-dossier.tsx, /src/pages/mairie.tsx, /src/pages/admin.tsx, /src/pages/analysis-detail.tsx, /src/components/ui/status-badge.tsx, /src/pages/register.tsx, /src/pages/login.tsx, /src/pages/portail-abf.tsx, /src/pages/account.tsx, /src/pages/portail-metropole.tsx, /src/pages/citoyen-dossier-detail.tsx, /src/pages/portail-mairie.tsx, /src/components/layout/ProtectedLayout.tsx, /src/components/layout/Navbar.tsx, /src/components/dossier/DossierDeposit.tsx, /src/components/ui/confidence-badge.tsx
7:47:22 PM [vite] (client) hmr update /src/pages/dashboard.tsx, /src/pages/citoyen.tsx, /src/pages/new-analysis.tsx, /src/pages/citoyen-new-dossier.tsx, /src/pages/mairie.tsx, /src/pages/admin.tsx, /src/pages/analysis-detail.tsx, /src/components/ui/status-badge.tsx, /src/pages/register.tsx, /src/pages/login.tsx, /src/pages/portail-abf.tsx, /src/pages/account.tsx, /src/pages/portail-metropole.tsx, /src/pages/citoyen-dossier-detail.tsx, /src/pages/portail-mairie.tsx, /src/components/layout/ProtectedLayout.tsx, /src/components/layout/Navbar.tsx, /src/components/dossier/DossierDeposit.tsx, /src/components/ui/confidence-badge.tsx
7:47:22 PM [vite] (client) hmr update /src/pages/dashboard.tsx, /src/pages/citoyen.tsx, /src/pages/new-analysis.tsx, /src/pages/citoyen-new-dossier.tsx, /src/pages/mairie.tsx, /src/pages/admin.tsx, /src/pages/analysis-detail.tsx, /src/components/ui/status-badge.tsx, /src/pages/register.tsx, /src/pages/login.tsx, /src/pages/portail-abf.tsx, /src/pages/account.tsx, /src/pages/portail-metropole.tsx, /src/pages/citoyen-dossier-detail.tsx, /src/pages/portail-mairie.tsx, /src/components/layout/ProtectedLayout.tsx, /src/components/layout/Navbar.tsx, /src/components/dossier/DossierDeposit.tsx, /src/components/ui/confidence-badge.tsx
7:47:22 PM [vite] (client) hmr update /src/pages/dashboard.tsx, /src/pages/citoyen.tsx, /src/pages/new-analysis.tsx, /src/pages/citoyen-new-dossier.tsx, /src/pages/mairie.tsx, /src/pages/admin.tsx, /src/pages/analysis-detail.tsx, /src/components/ui/status-badge.tsx, /src/pages/register.tsx, /src/pages/login.tsx, /src/pages/portail-abf.tsx, /src/pages/account.tsx, /src/pages/portail-metropole.tsx, /src/pages/citoyen-dossier-detail.tsx, /src/pages/portail-mairie.tsx, /src/components/layout/ProtectedLayout.tsx, /src/components/layout/Navbar.tsx, /src/components/dossier/DossierDeposit.tsx, /src/components/ui/confidence-badge.tsx
7:47:22 PM [vite] (client) hmr update /src/pages/dashboard.tsx, /src/pages/citoyen.tsx, /src/pages/new-analysis.tsx, /src/pages/citoyen-new-dossier.tsx, /src/pages/mairie.tsx, /src/pages/admin.tsx, /src/pages/analysis-detail.tsx, /src/components/ui/status-badge.tsx, /src/pages/register.tsx, /src/pages/login.tsx, /src/pages/portail-abf.tsx, /src/pages/account.tsx, /src/pages/portail-metropole.tsx, /src/pages/citoyen-dossier-detail.tsx, /src/pages/portail-mairie.tsx, /src/components/layout/ProtectedLayout.tsx, /src/components/layout/Navbar.tsx, /src/components/dossier/DossierDeposit.tsx, /src/components/ui/confidence-badge.tsx
7:47:23 PM [vite] http proxy error: /api/auth/me
AggregateError [ECONNREFUSED]: 
    at internalConnectMultiple (node:net:1193:18)
    at afterConnectMultiple (node:net:1783:7)
7:47:23 PM [vite] http proxy error: /api/mairie/dossiers
AggregateError [ECONNREFUSED]: 
    at internalConnectMultiple (node:net:1193:18)
    at afterConnectMultiple (node:net:1783:7)
7:47:23 PM [vite] http proxy error: /api/auth/me
AggregateError [ECONNREFUSED]: 
    at internalConnectMultiple (node:net:1193:18)
    at afterConnectMultiple (node:net:1783:7)
7:47:23 PM [vite] http proxy error: /api/auth/me
AggregateError [ECONNREFUSED]: 
    at internalConnectMultiple (node:net:1193:18)
    at afterConnectMultiple (node:net:1783:7)
7:47:23 PM [vite] http proxy error: /api/auth/me
AggregateError [ECONNREFUSED]: 
    at internalConnectMultiple (node:net:1193:18)
    at afterConnectMultiple (node:net:1783:7)
7:47:41 PM [vite] (client) hmr update /src/pages/dashboard.tsx, /src/pages/citoyen.tsx, /src/pages/new-analysis.tsx, /src/pages/citoyen-new-dossier.tsx, /src/pages/mairie.tsx, /src/pages/admin.tsx, /src/pages/analysis-detail.tsx, /src/components/ui/status-badge.tsx, /src/pages/register.tsx, /src/pages/login.tsx, /src/pages/portail-abf.tsx, /src/pages/account.tsx, /src/pages/portail-metropole.tsx, /src/pages/citoyen-dossier-detail.tsx, /src/pages/portail-mairie.tsx, /src/components/layout/ProtectedLayout.tsx, /src/components/layout/Navbar.tsx, /src/components/dossier/DossierDeposit.tsx, /src/components/ui/confidence-badge.tsx
7:47:44 PM [vite] (client) hmr update /src/pages/dashboard.tsx, /src/pages/citoyen.tsx, /src/pages/new-analysis.tsx, /src/pages/citoyen-new-dossier.tsx, /src/pages/mairie.tsx, /src/pages/admin.tsx, /src/pages/analysis-detail.tsx, /src/components/ui/status-badge.tsx, /src/pages/register.tsx, /src/pages/login.tsx, /src/pages/portail-abf.tsx, /src/pages/account.tsx, /src/pages/portail-metropole.tsx, /src/pages/citoyen-dossier-detail.tsx, /src/pages/portail-mairie.tsx, /src/components/layout/ProtectedLayout.tsx, /src/components/layout/Navbar.tsx, /src/components/dossier/DossierDeposit.tsx, /src/components/ui/confidence-badge.tsx
7:48:35 PM [vite] (client) hmr update /src/App.tsx, /src/index.css
7:48:44 PM [vite] (client) hmr update /src/App.tsx, /src/index.css
7:49:01 PM [vite] (client) hmr update /src/index.css, /src/pages/tasks.tsx
7:49:08 PM [vite] (client) hmr update /src/index.css, /src/components/layout/Navbar.tsx
7:49:15 PM [vite] (client) hmr update /src/index.css, /src/components/layout/Navbar.tsx
7:49:17 PM [vite] (client) ✨ new dependencies optimized: @radix-ui/react-popover, @radix-ui/react-scroll-area
7:49:17 PM [vite] (client) ✨ optimized dependencies changed. reloading
8:00:13 PM [vite] (client) hmr update /src/pages/dashboard.tsx, /src/pages/citoyen.tsx, /src/pages/new-analysis.tsx, /src/pages/citoyen-new-dossier.tsx, /src/pages/mairie.tsx, /src/pages/admin.tsx, /src/pages/analysis-detail.tsx, /src/components/ui/status-badge.tsx, /src/pages/register.tsx, /src/pages/login.tsx, /src/pages/portail-abf.tsx, /src/pages/account.tsx, /src/pages/portail-metropole.tsx, /src/pages/citoyen-dossier-detail.tsx, /src/pages/portail-mairie.tsx, /src/components/layout/ProtectedLayout.tsx, /src/components/layout/Navbar.tsx, /src/components/dossier/DossierDeposit.tsx, /src/components/ui/confidence-badge.tsx, /src/pages/tasks.tsx, /src/components/notifications/NotificationBell.tsx
8:00:13 PM [vite] (client) hmr update /src/pages/dashboard.tsx, /src/pages/citoyen.tsx, /src/pages/new-analysis.tsx, /src/pages/citoyen-new-dossier.tsx, /src/pages/mairie.tsx, /src/pages/admin.tsx, /src/pages/analysis-detail.tsx, /src/components/ui/status-badge.tsx, /src/pages/register.tsx, /src/pages/login.tsx, /src/pages/portail-abf.tsx, /src/pages/account.tsx, /src/pages/portail-metropole.tsx, /src/pages/citoyen-dossier-detail.tsx, /src/pages/portail-mairie.tsx, /src/components/layout/ProtectedLayout.tsx, /src/components/layout/Navbar.tsx, /src/components/dossier/DossierDeposit.tsx, /src/components/ui/confidence-badge.tsx, /src/pages/tasks.tsx, /src/components/notifications/NotificationBell.tsx
8:00:13 PM [vite] (client) hmr update /src/pages/dashboard.tsx, /src/pages/citoyen.tsx, /src/pages/new-analysis.tsx, /src/pages/citoyen-new-dossier.tsx, /src/pages/mairie.tsx, /src/pages/admin.tsx, /src/pages/analysis-detail.tsx, /src/components/ui/status-badge.tsx, /src/pages/register.tsx, /src/pages/login.tsx, /src/pages/portail-abf.tsx, /src/pages/account.tsx, /src/pages/portail-metropole.tsx, /src/pages/citoyen-dossier-detail.tsx, /src/pages/portail-mairie.tsx, /src/components/layout/ProtectedLayout.tsx, /src/components/layout/Navbar.tsx, /src/components/dossier/DossierDeposit.tsx, /src/components/ui/confidence-badge.tsx, /src/pages/tasks.tsx, /src/components/notifications/NotificationBell.tsx
8:00:13 PM [vite] (client) hmr update /src/pages/dashboard.tsx, /src/pages/citoyen.tsx, /src/pages/new-analysis.tsx, /src/pages/citoyen-new-dossier.tsx, /src/pages/mairie.tsx, /src/pages/admin.tsx, /src/pages/analysis-detail.tsx, /src/components/ui/status-badge.tsx, /src/pages/register.tsx, /src/pages/login.tsx, /src/pages/portail-abf.tsx, /src/pages/account.tsx, /src/pages/portail-metropole.tsx, /src/pages/citoyen-dossier-detail.tsx, /src/pages/portail-mairie.tsx, /src/components/layout/ProtectedLayout.tsx, /src/components/layout/Navbar.tsx, /src/components/dossier/DossierDeposit.tsx, /src/components/ui/confidence-badge.tsx, /src/pages/tasks.tsx, /src/components/notifications/NotificationBell.tsx
8:00:13 PM [vite] (client) hmr update /src/pages/dashboard.tsx, /src/pages/citoyen.tsx, /src/pages/new-analysis.tsx, /src/pages/citoyen-new-dossier.tsx, /src/pages/mairie.tsx, /src/pages/admin.tsx, /src/pages/analysis-detail.tsx, /src/components/ui/status-badge.tsx, /src/pages/register.tsx, /src/pages/login.tsx, /src/pages/portail-abf.tsx, /src/pages/account.tsx, /src/pages/portail-metropole.tsx, /src/pages/citoyen-dossier-detail.tsx, /src/pages/portail-mairie.tsx, /src/components/layout/ProtectedLayout.tsx, /src/components/layout/Navbar.tsx, /src/components/dossier/DossierDeposit.tsx, /src/components/ui/confidence-badge.tsx, /src/pages/tasks.tsx, /src/components/notifications/NotificationBell.tsx
8:00:13 PM [vite] (client) hmr update /src/pages/dashboard.tsx, /src/pages/citoyen.tsx, /src/pages/new-analysis.tsx, /src/pages/citoyen-new-dossier.tsx, /src/pages/mairie.tsx, /src/pages/admin.tsx, /src/pages/analysis-detail.tsx, /src/components/ui/status-badge.tsx, /src/pages/register.tsx, /src/pages/login.tsx, /src/pages/portail-abf.tsx, /src/pages/account.tsx, /src/pages/portail-metropole.tsx, /src/pages/citoyen-dossier-detail.tsx, /src/pages/portail-mairie.tsx, /src/components/layout/ProtectedLayout.tsx, /src/components/layout/Navbar.tsx, /src/components/dossier/DossierDeposit.tsx, /src/components/ui/confidence-badge.tsx, /src/pages/tasks.tsx, /src/components/notifications/NotificationBell.tsx
8:00:13 PM [vite] (client) hmr update /src/pages/dashboard.tsx, /src/pages/citoyen.tsx, /src/pages/new-analysis.tsx, /src/pages/citoyen-new-dossier.tsx, /src/pages/mairie.tsx, /src/pages/admin.tsx, /src/pages/analysis-detail.tsx, /src/components/ui/status-badge.tsx, /src/pages/register.tsx, /src/pages/login.tsx, /src/pages/portail-abf.tsx, /src/pages/account.tsx, /src/pages/portail-metropole.tsx, /src/pages/citoyen-dossier-detail.tsx, /src/pages/portail-mairie.tsx, /src/components/layout/ProtectedLayout.tsx, /src/components/layout/Navbar.tsx, /src/components/dossier/DossierDeposit.tsx, /src/components/ui/confidence-badge.tsx, /src/pages/tasks.tsx, /src/components/notifications/NotificationBell.tsx
8:00:13 PM [vite] (client) hmr update /src/pages/dashboard.tsx, /src/pages/citoyen.tsx, /src/pages/new-analysis.tsx, /src/pages/citoyen-new-dossier.tsx, /src/pages/mairie.tsx, /src/pages/admin.tsx, /src/pages/analysis-detail.tsx, /src/components/ui/status-badge.tsx, /src/pages/register.tsx, /src/pages/login.tsx, /src/pages/portail-abf.tsx, /src/pages/account.tsx, /src/pages/portail-metropole.tsx, /src/pages/citoyen-dossier-detail.tsx, /src/pages/portail-mairie.tsx, /src/components/layout/ProtectedLayout.tsx, /src/components/layout/Navbar.tsx, /src/components/dossier/DossierDeposit.tsx, /src/components/ui/confidence-badge.tsx, /src/pages/tasks.tsx, /src/components/notifications/NotificationBell.tsx
8:00:14 PM [vite] (client) hmr update /src/pages/dashboard.tsx, /src/pages/citoyen.tsx, /src/pages/new-analysis.tsx, /src/pages/citoyen-new-dossier.tsx, /src/pages/mairie.tsx, /src/pages/admin.tsx, /src/pages/analysis-detail.tsx, /src/components/ui/status-badge.tsx, /src/pages/register.tsx, /src/pages/login.tsx, /src/pages/portail-abf.tsx, /src/pages/account.tsx, /src/pages/portail-metropole.tsx, /src/pages/citoyen-dossier-detail.tsx, /src/pages/portail-mairie.tsx, /src/components/layout/ProtectedLayout.tsx, /src/components/layout/Navbar.tsx, /src/components/dossier/DossierDeposit.tsx, /src/components/ui/confidence-badge.tsx, /src/pages/tasks.tsx, /src/components/notifications/NotificationBell.tsx
8:00:14 PM [vite] (client) hmr update /src/pages/dashboard.tsx, /src/pages/citoyen.tsx, /src/pages/new-analysis.tsx, /src/pages/citoyen-new-dossier.tsx, /src/pages/mairie.tsx, /src/pages/admin.tsx, /src/pages/analysis-detail.tsx, /src/components/ui/status-badge.tsx, /src/pages/register.tsx, /src/pages/login.tsx, /src/pages/portail-abf.tsx, /src/pages/account.tsx, /src/pages/portail-metropole.tsx, /src/pages/citoyen-dossier-detail.tsx, /src/pages/portail-mairie.tsx, /src/components/layout/ProtectedLayout.tsx, /src/components/layout/Navbar.tsx, /src/components/dossier/DossierDeposit.tsx, /src/components/ui/confidence-badge.tsx, /src/pages/tasks.tsx, /src/components/notifications/NotificationBell.tsx
8:01:51 PM [vite] (client) hmr update /src/pages/dashboard.tsx, /src/pages/citoyen.tsx, /src/pages/new-analysis.tsx, /src/pages/citoyen-new-dossier.tsx, /src/pages/mairie.tsx, /src/pages/admin.tsx, /src/pages/analysis-detail.tsx, /src/components/ui/status-badge.tsx, /src/pages/register.tsx, /src/pages/login.tsx, /src/pages/portail-abf.tsx, /src/pages/account.tsx, /src/pages/portail-metropole.tsx, /src/pages/citoyen-dossier-detail.tsx, /src/pages/portail-mairie.tsx, /src/components/layout/ProtectedLayout.tsx, /src/components/layout/Navbar.tsx, /src/components/dossier/DossierDeposit.tsx, /src/components/ui/confidence-badge.tsx, /src/pages/tasks.tsx, /src/components/notifications/NotificationBell.tsx
8:01:51 PM [vite] (client) hmr update /src/pages/dashboard.tsx, /src/pages/citoyen.tsx, /src/pages/new-analysis.tsx, /src/pages/citoyen-new-dossier.tsx, /src/pages/mairie.tsx, /src/pages/admin.tsx, /src/pages/analysis-detail.tsx, /src/components/ui/status-badge.tsx, /src/pages/register.tsx, /src/pages/login.tsx, /src/pages/portail-abf.tsx, /src/pages/account.tsx, /src/pages/portail-metropole.tsx, /src/pages/citoyen-dossier-detail.tsx, /src/pages/portail-mairie.tsx, /src/components/layout/ProtectedLayout.tsx, /src/components/layout/Navbar.tsx, /src/components/dossier/DossierDeposit.tsx, /src/components/ui/confidence-badge.tsx, /src/pages/tasks.tsx, /src/components/notifications/NotificationBell.tsx
8:01:51 PM [vite] (client) hmr update /src/pages/dashboard.tsx, /src/pages/citoyen.tsx, /src/pages/new-analysis.tsx, /src/pages/citoyen-new-dossier.tsx, /src/pages/mairie.tsx, /src/pages/admin.tsx, /src/pages/analysis-detail.tsx, /src/components/ui/status-badge.tsx, /src/pages/register.tsx, /src/pages/login.tsx, /src/pages/portail-abf.tsx, /src/pages/account.tsx, /src/pages/portail-metropole.tsx, /src/pages/citoyen-dossier-detail.tsx, /src/pages/portail-mairie.tsx, /src/components/layout/ProtectedLayout.tsx, /src/components/layout/Navbar.tsx, /src/components/dossier/DossierDeposit.tsx, /src/components/ui/confidence-badge.tsx, /src/pages/tasks.tsx, /src/components/notifications/NotificationBell.tsx
8:01:51 PM [vite] (client) hmr update /src/pages/dashboard.tsx, /src/pages/citoyen.tsx, /src/pages/new-analysis.tsx, /src/pages/citoyen-new-dossier.tsx, /src/pages/mairie.tsx, /src/pages/admin.tsx, /src/pages/analysis-detail.tsx, /src/components/ui/status-badge.tsx, /src/pages/register.tsx, /src/pages/login.tsx, /src/pages/portail-abf.tsx, /src/pages/account.tsx, /src/pages/portail-metropole.tsx, /src/pages/citoyen-dossier-detail.tsx, /src/pages/portail-mairie.tsx, /src/components/layout/ProtectedLayout.tsx, /src/components/layout/Navbar.tsx, /src/components/dossier/DossierDeposit.tsx, /src/components/ui/confidence-badge.tsx, /src/pages/tasks.tsx, /src/components/notifications/NotificationBell.tsx
8:01:51 PM [vite] (client) hmr update /src/pages/dashboard.tsx, /src/pages/citoyen.tsx, /src/pages/new-analysis.tsx, /src/pages/citoyen-new-dossier.tsx, /src/pages/mairie.tsx, /src/pages/admin.tsx, /src/pages/analysis-detail.tsx, /src/components/ui/status-badge.tsx, /src/pages/register.tsx, /src/pages/login.tsx, /src/pages/portail-abf.tsx, /src/pages/account.tsx, /src/pages/portail-metropole.tsx, /src/pages/citoyen-dossier-detail.tsx, /src/pages/portail-mairie.tsx, /src/components/layout/ProtectedLayout.tsx, /src/components/layout/Navbar.tsx, /src/components/dossier/DossierDeposit.tsx, /src/components/ui/confidence-badge.tsx, /src/pages/tasks.tsx, /src/components/notifications/NotificationBell.tsx
8:01:51 PM [vite] (client) hmr update /src/pages/dashboard.tsx, /src/pages/citoyen.tsx, /src/pages/new-analysis.tsx, /src/pages/citoyen-new-dossier.tsx, /src/pages/mairie.tsx, /src/pages/admin.tsx, /src/pages/analysis-detail.tsx, /src/components/ui/status-badge.tsx, /src/pages/register.tsx, /src/pages/login.tsx, /src/pages/portail-abf.tsx, /src/pages/account.tsx, /src/pages/portail-metropole.tsx, /src/pages/citoyen-dossier-detail.tsx, /src/pages/portail-mairie.tsx, /src/components/layout/ProtectedLayout.tsx, /src/components/layout/Navbar.tsx, /src/components/dossier/DossierDeposit.tsx, /src/components/ui/confidence-badge.tsx, /src/pages/tasks.tsx, /src/components/notifications/NotificationBell.tsx
8:01:52 PM [vite] (client) hmr update /src/pages/dashboard.tsx, /src/pages/citoyen.tsx, /src/pages/new-analysis.tsx, /src/pages/citoyen-new-dossier.tsx, /src/pages/mairie.tsx, /src/pages/admin.tsx, /src/pages/analysis-detail.tsx, /src/components/ui/status-badge.tsx, /src/pages/register.tsx, /src/pages/login.tsx, /src/pages/portail-abf.tsx, /src/pages/account.tsx, /src/pages/portail-metropole.tsx, /src/pages/citoyen-dossier-detail.tsx, /src/pages/portail-mairie.tsx, /src/components/layout/ProtectedLayout.tsx, /src/components/layout/Navbar.tsx, /src/components/dossier/DossierDeposit.tsx, /src/components/ui/confidence-badge.tsx, /src/pages/tasks.tsx, /src/components/notifications/NotificationBell.tsx
8:01:52 PM [vite] (client) hmr update /src/pages/dashboard.tsx, /src/pages/citoyen.tsx, /src/pages/new-analysis.tsx, /src/pages/citoyen-new-dossier.tsx, /src/pages/mairie.tsx, /src/pages/admin.tsx, /src/pages/analysis-detail.tsx, /src/components/ui/status-badge.tsx, /src/pages/register.tsx, /src/pages/login.tsx, /src/pages/portail-abf.tsx, /src/pages/account.tsx, /src/pages/portail-metropole.tsx, /src/pages/citoyen-dossier-detail.tsx, /src/pages/portail-mairie.tsx, /src/components/layout/ProtectedLayout.tsx, /src/components/layout/Navbar.tsx, /src/components/dossier/DossierDeposit.tsx, /src/components/ui/confidence-badge.tsx, /src/pages/tasks.tsx, /src/components/notifications/NotificationBell.tsx
8:01:52 PM [vite] (client) hmr update /src/pages/dashboard.tsx, /src/pages/citoyen.tsx, /src/pages/new-analysis.tsx, /src/pages/citoyen-new-dossier.tsx, /src/pages/mairie.tsx, /src/pages/admin.tsx, /src/pages/analysis-detail.tsx, /src/components/ui/status-badge.tsx, /src/pages/register.tsx, /src/pages/login.tsx, /src/pages/portail-abf.tsx, /src/pages/account.tsx, /src/pages/portail-metropole.tsx, /src/pages/citoyen-dossier-detail.tsx, /src/pages/portail-mairie.tsx, /src/components/layout/ProtectedLayout.tsx, /src/components/layout/Navbar.tsx, /src/components/dossier/DossierDeposit.tsx, /src/components/ui/confidence-badge.tsx, /src/pages/tasks.tsx, /src/components/notifications/NotificationBell.tsx
8:01:52 PM [vite] (client) hmr update /src/pages/dashboard.tsx, /src/pages/citoyen.tsx, /src/pages/new-analysis.tsx, /src/pages/citoyen-new-dossier.tsx, /src/pages/mairie.tsx, /src/pages/admin.tsx, /src/pages/analysis-detail.tsx, /src/components/ui/status-badge.tsx, /src/pages/register.tsx, /src/pages/login.tsx, /src/pages/portail-abf.tsx, /src/pages/account.tsx, /src/pages/portail-metropole.tsx, /src/pages/citoyen-dossier-detail.tsx, /src/pages/portail-mairie.tsx, /src/components/layout/ProtectedLayout.tsx, /src/components/layout/Navbar.tsx, /src/components/dossier/DossierDeposit.tsx, /src/components/ui/confidence-badge.tsx, /src/pages/tasks.tsx, /src/components/notifications/NotificationBell.tsx
8:02:17 PM [vite] (client) hmr update /src/index.css, /src/components/notifications/NotificationBell.tsx
8:02:24 PM [vite] (client) hmr update /src/index.css, /src/components/notifications/NotificationBell.tsx
8:02:35 PM [vite] (client) hmr update /src/index.css, /src/pages/tasks.tsx
8:02:51 PM [vite] (client) hmr update /src/index.css, /src/pages/tasks.tsx
10:37:40 AM [vite] http proxy error: /api/auth/logout
AggregateError [ECONNREFUSED]: 
    at internalConnectMultiple (node:net:1193:18)
    at afterConnectMultiple (node:net:1783:7)
10:37:55 AM [vite] http proxy error: /api/auth/logout
AggregateError [ECONNREFUSED]: 
    at internalConnectMultiple (node:net:1193:18)
    at afterConnectMultiple (node:net:1783:7)
10:37:58 AM [vite] http proxy error: /api/auth/me
AggregateError [ECONNREFUSED]: 
    at internalConnectMultiple (node:net:1193:18)
    at afterConnectMultiple (node:net:1783:7)
10:37:58 AM [vite] http proxy error: /api/auth/me
AggregateError [ECONNREFUSED]: 
    at internalConnectMultiple (node:net:1193:18)
    at afterConnectMultiple (node:net:1783:7)
10:39:50 AM [vite] http proxy error: /api/auth/login
AggregateError [ECONNREFUSED]: 
    at internalConnectMultiple (node:net:1193:18)
    at afterConnectMultiple (node:net:1783:7)
10:40:12 AM [vite] http proxy error: /api/auth/login
AggregateError [ECONNREFUSED]: 
    at internalConnectMultiple (node:net:1193:18)
    at afterConnectMultiple (node:net:1783:7)
11:50:04 AM [vite] changed tsconfig file detected: /Users/evideletang/Desktop/HEUREKA/Web-SaaS-Builder/artifacts/heureka/tsconfig.json - Clearing cache and forcing full-reload to ensure TypeScript is compiled with updated config values.
11:50:04 AM [vite] vite.config.ts changed, restarting server...
11:50:04 AM [vite] (client) page reload index.html
11:50:04 AM [vite] (client) page reload src/App.tsx
11:50:04 AM [vite] (client) page reload src/components/analysis/AnalysisChat.tsx
11:50:04 AM [vite] (client) page reload src/components/analysis/SketchPlanner.tsx
11:50:04 AM [vite] (client) page reload src/components/dossier/DossierDeposit.tsx
11:50:04 AM [vite] (client) page reload src/components/dossier/DossierDetailView.tsx
11:50:04 AM [vite] (client) page reload src/components/dossier/DossierSIGMap.tsx
11:50:04 AM [vite] (client) page reload src/components/layout/Navbar.tsx
11:50:04 AM [vite] (client) page reload src/components/layout/ProtectedLayout.tsx
11:50:04 AM [vite] (client) page reload src/components/ui/accordion.tsx
11:50:04 AM [vite] (client) page reload src/components/ui/alert-dialog.tsx
11:50:04 AM [vite] (client) page reload src/components/ui/badge.tsx
11:50:04 AM [vite] (client) page reload src/components/ui/button.tsx
11:50:04 AM [vite] (client) page reload src/components/ui/card.tsx
11:50:04 AM [vite] (client) page reload src/components/ui/confidence-badge.tsx
11:50:04 AM [vite] (client) page reload src/components/ui/dialog.tsx
11:50:04 AM [vite] (client) page reload src/components/ui/dropdown-menu.tsx
11:50:04 AM [vite] (client) page reload src/components/ui/input.tsx
11:50:04 AM [vite] (client) page reload src/components/ui/label.tsx
11:50:04 AM [vite] (client) page reload src/components/ui/popover.tsx
11:50:04 AM [vite] (client) page reload src/components/ui/progress.tsx
11:50:04 AM [vite] (client) page reload src/components/ui/scroll-area.tsx
11:50:04 AM [vite] (client) page reload src/components/ui/select.tsx
11:50:04 AM [vite] (client) page reload src/components/ui/sheet.tsx
11:50:04 AM [vite] (client) page reload src/components/ui/status-badge.tsx
11:50:04 AM [vite] (client) page reload src/components/ui/table.tsx
11:50:04 AM [vite] (client) page reload src/components/ui/tabs.tsx
11:50:04 AM [vite] (client) page reload src/components/ui/textarea.tsx
11:50:04 AM [vite] (client) page reload src/components/ui/toast.tsx
11:50:04 AM [vite] (client) page reload src/components/ui/toaster.tsx
11:50:04 AM [vite] (client) page reload src/components/ui/tooltip.tsx
11:50:04 AM [vite] (client) page reload src/components/notifications/NotificationBell.tsx
11:50:04 AM [vite] (client) page reload src/constants/procedures.ts
11:50:04 AM [vite] (client) page reload src/hooks/use-auth.ts
11:50:04 AM [vite] (client) page reload src/hooks/use-debounce.ts
11:50:04 AM [vite] (client) page reload src/hooks/use-toast.ts
11:50:04 AM [vite] (client) hmr update /src/index.css
11:50:04 AM [vite] (client) page reload src/lib/api.ts
11:50:04 AM [vite] (client) page reload src/lib/utils.ts
11:50:04 AM [vite] (client) page reload src/main.tsx
11:50:04 AM [vite] (client) page reload src/pages/account.tsx
11:50:04 AM [vite] (client) page reload src/pages/admin.tsx
11:50:04 AM [vite] (client) page reload src/pages/analysis-detail.tsx
11:50:04 AM [vite] (client) page reload src/pages/citoyen-dossier-detail.tsx
11:50:04 AM [vite] (client) page reload src/pages/citoyen-new-dossier.tsx
11:50:04 AM [vite] (client) page reload src/pages/citoyen.tsx
11:50:04 AM [vite] (client) page reload src/pages/dashboard.tsx
11:50:04 AM [vite] (client) page reload src/pages/landing.tsx
11:50:04 AM [vite] (client) page reload src/pages/login.tsx
11:50:04 AM [vite] (client) page reload src/pages/mairie.tsx
11:50:04 AM [vite] (client) page reload src/pages/new-analysis.tsx
11:50:04 AM [vite] (client) page reload src/pages/not-found.tsx
11:50:04 AM [vite] (client) page reload src/pages/portail-abf.tsx
11:50:04 AM [vite] (client) page reload src/pages/portail-mairie.tsx
11:50:04 AM [vite] (client) page reload src/pages/portail-metropole.tsx
11:50:04 AM [vite] (client) page reload src/pages/register.tsx
11:50:04 AM [vite] (client) page reload src/pages/tasks.tsx
11:50:04 AM [vite] (client) page reload tsconfig.json
✘ [ERROR] Could not resolve "/Users/evideletang/Desktop/HEUREKA/Web-SaaS-Builder/artifacts/heureka/vite.config.ts"

failed to load config from /Users/evideletang/Desktop/HEUREKA/Web-SaaS-Builder/artifacts/heureka/vite.config.ts
11:50:04 AM [vite] Build failed with 1 error:
error: Could not resolve "/Users/evideletang/Desktop/HEUREKA/Web-SaaS-Builder/artifacts/heureka/vite.config.ts"
11:50:04 AM [vite] server restart failed
